<?xml version="1.0" encoding="UTF-8"?>
<robot generator="Robot 6.1.1 (Python 3.10.12 on linux)" generated="20231120 21:54:34.811" rpa="false" schemaversion="4">
<suite id="s1" name="Tests" source="/home/rsjohans/University/Ohjelmistotuotanto/palautusrepositorio/viikko3/login-robot/src/tests">
<suite id="s1-s1" name="Login" source="/home/rsjohans/University/Ohjelmistotuotanto/palautusrepositorio/viikko3/login-robot/src/tests/login.robot">
<test id="s1-s1-t1" name="Login With Correct Credentials" line="6">
<kw name="Create User And Input Login Command" type="SETUP">
<kw name="Create User" library="AppLibrary">
<arg>kalle</arg>
<arg>kalle123</arg>
<status status="PASS" starttime="20231120 21:54:34.830" endtime="20231120 21:54:34.830"/>
</kw>
<kw name="Input Login Command" library="resource">
<kw name="Input" library="AppLibrary">
<arg>login</arg>
<status status="PASS" starttime="20231120 21:54:34.831" endtime="20231120 21:54:34.831"/>
</kw>
<status status="PASS" starttime="20231120 21:54:34.830" endtime="20231120 21:54:34.831"/>
</kw>
<status status="PASS" starttime="20231120 21:54:34.830" endtime="20231120 21:54:34.831"/>
</kw>
<kw name="Input Credentials" library="resource">
<arg>kalle</arg>
<arg>kalle123</arg>
<kw name="Input" library="AppLibrary">
<arg>${username}</arg>
<status status="PASS" starttime="20231120 21:54:34.831" endtime="20231120 21:54:34.831"/>
</kw>
<kw name="Input" library="AppLibrary">
<arg>${password}</arg>
<status status="PASS" starttime="20231120 21:54:34.831" endtime="20231120 21:54:34.832"/>
</kw>
<kw name="Run Application" library="AppLibrary">
<status status="PASS" starttime="20231120 21:54:34.832" endtime="20231120 21:54:34.832"/>
</kw>
<status status="PASS" starttime="20231120 21:54:34.831" endtime="20231120 21:54:34.832"/>
</kw>
<kw name="Output Should Contain" library="AppLibrary">
<arg>Logged in</arg>
<status status="PASS" starttime="20231120 21:54:34.832" endtime="20231120 21:54:34.832"/>
</kw>
<status status="PASS" starttime="20231120 21:54:34.830" endtime="20231120 21:54:34.832"/>
</test>
<test id="s1-s1-t2" name="Login With Incorrect Password" line="10">
<kw name="Create User And Input Login Command" type="SETUP">
<kw name="Create User" library="AppLibrary">
<arg>kalle</arg>
<arg>kalle123</arg>
<status status="PASS" starttime="20231120 21:54:34.833" endtime="20231120 21:54:34.833"/>
</kw>
<kw name="Input Login Command" library="resource">
<kw name="Input" library="AppLibrary">
<arg>login</arg>
<status status="PASS" starttime="20231120 21:54:34.833" endtime="20231120 21:54:34.833"/>
</kw>
<status status="PASS" starttime="20231120 21:54:34.833" endtime="20231120 21:54:34.833"/>
</kw>
<status status="PASS" starttime="20231120 21:54:34.832" endtime="20231120 21:54:34.833"/>
</kw>
<kw name="Input Credentials" library="resource">
<arg>kalle</arg>
<arg>salasana</arg>
<kw name="Input" library="AppLibrary">
<arg>${username}</arg>
<status status="PASS" starttime="20231120 21:54:34.833" endtime="20231120 21:54:34.833"/>
</kw>
<kw name="Input" library="AppLibrary">
<arg>${password}</arg>
<status status="PASS" starttime="20231120 21:54:34.833" endtime="20231120 21:54:34.834"/>
</kw>
<kw name="Run Application" library="AppLibrary">
<status status="PASS" starttime="20231120 21:54:34.834" endtime="20231120 21:54:34.834"/>
</kw>
<status status="PASS" starttime="20231120 21:54:34.833" endtime="20231120 21:54:34.834"/>
</kw>
<kw name="Output Should Contain" library="AppLibrary">
<arg>Invalid username or password</arg>
<status status="PASS" starttime="20231120 21:54:34.834" endtime="20231120 21:54:34.834"/>
</kw>
<status status="PASS" starttime="20231120 21:54:34.832" endtime="20231120 21:54:34.834"/>
</test>
<test id="s1-s1-t3" name="Login With Nonexistent Username" line="14">
<kw name="Create User And Input Login Command" type="SETUP">
<kw name="Create User" library="AppLibrary">
<arg>kalle</arg>
<arg>kalle123</arg>
<status status="PASS" starttime="20231120 21:54:34.834" endtime="20231120 21:54:34.835"/>
</kw>
<kw name="Input Login Command" library="resource">
<kw name="Input" library="AppLibrary">
<arg>login</arg>
<status status="PASS" starttime="20231120 21:54:34.835" endtime="20231120 21:54:34.835"/>
</kw>
<status status="PASS" starttime="20231120 21:54:34.835" endtime="20231120 21:54:34.835"/>
</kw>
<status status="PASS" starttime="20231120 21:54:34.834" endtime="20231120 21:54:34.835"/>
</kw>
<kw name="Input Credentials" library="resource">
<arg>testi</arg>
<arg>kalle123</arg>
<kw name="Input" library="AppLibrary">
<arg>${username}</arg>
<status status="PASS" starttime="20231120 21:54:34.835" endtime="20231120 21:54:34.835"/>
</kw>
<kw name="Input" library="AppLibrary">
<arg>${password}</arg>
<status status="PASS" starttime="20231120 21:54:34.835" endtime="20231120 21:54:34.835"/>
</kw>
<kw name="Run Application" library="AppLibrary">
<status status="PASS" starttime="20231120 21:54:34.836" endtime="20231120 21:54:34.836"/>
</kw>
<status status="PASS" starttime="20231120 21:54:34.835" endtime="20231120 21:54:34.836"/>
</kw>
<kw name="Output Should Contain" library="AppLibrary">
<arg>Invalid username or password</arg>
<status status="PASS" starttime="20231120 21:54:34.836" endtime="20231120 21:54:34.836"/>
</kw>
<status status="PASS" starttime="20231120 21:54:34.834" endtime="20231120 21:54:34.836"/>
</test>
<status status="PASS" starttime="20231120 21:54:34.826" endtime="20231120 21:54:34.836"/>
</suite>
<status status="PASS" starttime="20231120 21:54:34.812" endtime="20231120 21:54:34.837"/>
</suite>
<statistics>
<total>
<stat pass="3" fail="0" skip="0">All Tests</stat>
</total>
<tag>
</tag>
<suite>
<stat pass="3" fail="0" skip="0" id="s1" name="Tests">Tests</stat>
<stat pass="3" fail="0" skip="0" id="s1-s1" name="Login">Tests.Login</stat>
</suite>
</statistics>
<errors>
</errors>
</robot>
